# JRE version: OpenJDK Runtime Environment Microsoft-8902769 (17.0.10+7) (build 17.0.10+7-LTS)
# Java VM: OpenJDK 64-Bit Server VM Microsoft-8902769 (17.0.10+7-LTS, mixed mode, sharing, tiered, compressed oops, compressed class ptrs, g1 gc, windows-amd64)
GC Precious Log:
 CPUs: 12 total, 12 available
 Memory: 7521M
 Large Page Support: Disabled
 NUMA Support: Disabled
 Compressed Oops: Enabled (32-bit)
 Heap Region Size: 1M
 Heap Min Capacity: 8M
 Heap Initial Capacity: 118M
 Heap Max Capacity: 2G
 Pre-touch: Disabled
 Parallel Workers: 10
 Concurrent Workers: 3
 Concurrent Refinement Workers: 10
 Periodic GC: Disabled
Heap:
 garbage-first heap   total 359424K, used 204847K [0x0000000080000000, 0x0000000100000000)
  region size 1024K, 5 young (5120K), 5 survivors (5120K)
 Metaspace       used 148777K, committed 149952K, reserved 557056K
  class space    used 20481K, committed 21056K, reserved 425984K
GC Heap History (20 events):
Event: 5663.126 GC heap after
{Heap after GC invocations=41 (full 0):
 garbage-first heap   total 359424K, used 193110K [0x0000000080000000, 0x0000000100000000)
  region size 1024K, 9 young (9216K), 9 survivors (9216K)
 Metaspace       used 118355K, committed 119552K, reserved 557056K
  class space    used 16298K, committed 16832K, reserved 425984K
}
Event: 5663.144 GC heap before
{Heap before GC invocations=41 (full 0):
 garbage-first heap   total 359424K, used 194134K [0x0000000080000000, 0x0000000100000000)
  region size 1024K, 11 young (11264K), 9 survivors (9216K)
 Metaspace       used 118464K, committed 119680K, reserved 557056K
  class space    used 16308K, committed 16896K, reserved 425984K
}
Event: 5663.158 GC heap after
{Heap after GC invocations=42 (full 0):
 garbage-first heap   total 359424K, used 193895K [0x0000000080000000, 0x0000000100000000)
  region size 1024K, 7 young (7168K), 7 survivors (7168K)
 Metaspace       used 118464K, committed 119680K, reserved 557056K
  class space    used 16308K, committed 16896K, reserved 425984K
}
Event: 5664.202 GC heap before
{Heap before GC invocations=43 (full 0):
 garbage-first heap   total 359424K, used 311655K [0x0000000080000000, 0x0000000100000000)
  region size 1024K, 116 young (118784K), 7 survivors (7168K)
 Metaspace       used 127074K, committed 128256K, reserved 557056K
  class space    used 17419K, committed 17984K, reserved 425984K
}
Event: 5664.211 GC heap after
{Heap after GC invocations=44 (full 0):
 garbage-first heap   total 359424K, used 199646K [0x0000000080000000, 0x0000000100000000)
  region size 1024K, 13 young (13312K), 13 survivors (13312K)
 Metaspace       used 127074K, committed 128256K, reserved 557056K
  class space    used 17419K, committed 17984K, reserved 425984K
}
Event: 5664.238 GC heap before
{Heap before GC invocations=44 (full 0):
 garbage-first heap   total 359424K, used 202718K [0x0000000080000000, 0x0000000100000000)
  region size 1024K, 17 young (17408K), 13 survivors (13312K)
 Metaspace       used 127410K, committed 128640K, reserved 557056K
  class space    used 17464K, committed 18048K, reserved 425984K
}
Event: 5664.276 GC heap after
{Heap after GC invocations=45 (full 0):
 garbage-first heap   total 359424K, used 172038K [0x0000000080000000, 0x0000000100000000)
  region size 1024K, 2 young (2048K), 2 survivors (2048K)
 Metaspace       used 127410K, committed 128640K, reserved 557056K
  class space    used 17464K, committed 18048K, reserved 425984K
}
Event: 5664.389 GC heap before
{Heap before GC invocations=45 (full 0):
 garbage-first heap   total 359424K, used 187398K [0x0000000080000000, 0x0000000100000000)
  region size 1024K, 17 young (17408K), 2 survivors (2048K)
 Metaspace       used 128490K, committed 129664K, reserved 557056K
  class space    used 17611K, committed 18176K, reserved 425984K
}
Event: 5664.405 GC heap after
{Heap after GC invocations=46 (full 0):
 garbage-first heap   total 359424K, used 153556K [0x0000000080000000, 0x0000000100000000)
  region size 1024K, 2 young (2048K), 2 survivors (2048K)
 Metaspace       used 128490K, committed 129664K, reserved 557056K
  class space    used 17611K, committed 18176K, reserved 425984K
}
Event: 5667.911 GC heap before
{Heap before GC invocations=46 (full 0):
 garbage-first heap   total 359424K, used 301012K [0x0000000080000000, 0x0000000100000000)
  region size 1024K, 146 young (149504K), 2 survivors (2048K)
 Metaspace       used 136634K, committed 137856K, reserved 557056K
  class space    used 18932K, committed 19520K, reserved 425984K
}
Event: 5667.922 GC heap after
{Heap after GC invocations=47 (full 0):
 garbage-first heap   total 359424K, used 160880K [0x0000000080000000, 0x0000000100000000)
  region size 1024K, 9 young (9216K), 9 survivors (9216K)
 Metaspace       used 136634K, committed 137856K, reserved 557056K
  class space    used 18932K, committed 19520K, reserved 425984K
}
Event: 5669.422 GC heap before
{Heap before GC invocations=48 (full 0):
 garbage-first heap   total 359424K, used 305264K [0x0000000080000000, 0x0000000100000000)
  region size 1024K, 145 young (148480K), 9 survivors (9216K)
 Metaspace       used 139583K, committed 140608K, reserved 557056K
  class space    used 19319K, committed 19840K, reserved 425984K
}
Event: 5669.442 GC heap after
{Heap after GC invocations=49 (full 0):
 garbage-first heap   total 359424K, used 180693K [0x0000000080000000, 0x0000000100000000)
  region size 1024K, 19 young (19456K), 19 survivors (19456K)
 Metaspace       used 139583K, committed 140608K, reserved 557056K
  class space    used 19319K, committed 19840K, reserved 425984K
}
Event: 5669.450 GC heap before
{Heap before GC invocations=49 (full 0):
 garbage-first heap   total 359424K, used 181717K [0x0000000080000000, 0x0000000100000000)
  region size 1024K, 20 young (20480K), 19 survivors (19456K)
 Metaspace       used 139595K, committed 140672K, reserved 557056K
  class space    used 19319K, committed 19840K, reserved 425984K
}
Event: 5669.467 GC heap after
{Heap after GC invocations=50 (full 0):
 garbage-first heap   total 359424K, used 176956K [0x0000000080000000, 0x0000000100000000)
  region size 1024K, 2 young (2048K), 2 survivors (2048K)
 Metaspace       used 139595K, committed 140672K, reserved 557056K
  class space    used 19319K, committed 19840K, reserved 425984K
}
Event: 5670.584 GC heap before
{Heap before GC invocations=50 (full 0):
 garbage-first heap   total 359424K, used 291644K [0x0000000080000000, 0x0000000100000000)
  region size 1024K, 112 young (114688K), 2 survivors (2048K)
 Metaspace       used 144583K, committed 145664K, reserved 557056K
  class space    used 20021K, committed 20544K, reserved 425984K
}
Event: 5670.594 GC heap after
{Heap after GC invocations=51 (full 0):
 garbage-first heap   total 359424K, used 190091K [0x0000000080000000, 0x0000000100000000)
  region size 1024K, 13 young (13312K), 13 survivors (13312K)
 Metaspace       used 144583K, committed 145664K, reserved 557056K
  class space    used 20021K, committed 20544K, reserved 425984K
}
Event: 5671.345 GC heap before
{Heap before GC invocations=51 (full 0):
 garbage-first heap   total 359424K, used 289419K [0x0000000080000000, 0x0000000100000000)
  region size 1024K, 110 young (112640K), 13 survivors (13312K)
 Metaspace       used 146086K, committed 147200K, reserved 557056K
  class space    used 20215K, committed 20736K, reserved 425984K
}
Event: 5671.369 GC heap after
{Heap after GC invocations=52 (full 0):
 garbage-first heap   total 359424K, used 200350K [0x0000000080000000, 0x0000000100000000)
  region size 1024K, 10 young (10240K), 10 survivors (10240K)
 Metaspace       used 146086K, committed 147200K, reserved 557056K
  class space    used 20215K, committed 20736K, reserved 425984K
}
Event: 5672.145 GC heap before
{Heap before GC invocations=52 (full 0):
 garbage-first heap   total 359424K, used 297630K [0x0000000080000000, 0x0000000100000000)
  region size 1024K, 101 young (103424K), 10 survivors (10240K)
 Metaspace       used 148777K, committed 149952K, reserved 557056K
  class space    used 20481K, committed 21056K, reserved 425984K
}

